#
# There is insufficient memory for the Java Runtime Environment to continue.
# Native memory allocation (malloc) failed to allocate 32744 bytes. Error detail: Chunk::new
# Possible reasons:
#   The system is out of physical RAM or swap space
#   This process is running with CompressedOops enabled, and the Java Heap may be blocking the growth of the native heap
# Possible solutions:
#   Reduce memory load on the system
#   Increase physical memory or swap space
#   Check if swap backing store is full
#   Decrease Java heap size (-Xmx/-Xms)
#   Decrease number of Java threads
#   Decrease Java thread stack sizes (-Xss)
#   Set larger code cache with -XX:ReservedCodeCacheSize=
#   JVM is running with Unscaled Compressed Oops mode in which the Java heap is
#     placed in the first 4GB address space. The Java Heap base address is the
#     maximum limit for the native heap growth. Please use -XX:HeapBaseMinAddress
#     to set the Java Heap base and to place the Java Heap above 4GB virtual address.
# This output file may be truncated or incomplete.
#
#  Out of Memory Error (arena.cpp:150), pid=9676, tid=4892
#
# JRE version: Java(TM) SE Runtime Environment (22.0.1+8) (build 22.0.1+8-16)
# Java VM: Java HotSpot(TM) 64-Bit Server VM (22.0.1+8-16, mixed mode, sharing, tiered, compressed oops, compressed class ptrs, g1 gc, windows-amd64)
# No core dump will be written. Minidumps are not enabled by default on client versions of Windows
#

---------------  S U M M A R Y ------------

Command Line: -javaagent:C:\Program Files\JetBrains\IntelliJ IDEA Community Edition 2024.2.1\lib\idea_rt.jar=62220:C:\Program Files\JetBrains\IntelliJ IDEA Community Edition 2024.2.1\bin -Dfile.encoding=UTF-8 -Dsun.stdout.encoding=UTF-8 -Dsun.stderr.encoding=UTF-8 in.shahvez.cloudshareapi.CloudshareapiApplication

Host: Intel(R) Core(TM) i3-1005G1 CPU @ 1.20GHz, 4 cores, 3G,  Windows 11 , 64 bit Build 26100 (10.0.26100.4768)
Time: Sat Aug 23 20:27:26 2025 India Standard Time elapsed time: 7280.733037 seconds (0d 2h 1m 20s)

---------------  T H R E A D  ---------------

Current thread (0x000001fa173cff60):  JavaThread "C2 CompilerThread0" daemon [_thread_in_native, id=4892, stack(0x0000008c33100000,0x0000008c33200000) (1024K)]


Current CompileTask:
C2:7280735 6239       4       java.util.concurrent.locks.AbstractQueuedSynchronizer$ConditionObject::awaitNanos (207 bytes)

Stack: [0x0000008c33100000,0x0000008c33200000]
Native frames: (J=compiled Java code, j=interpreted, Vv=VM code, C=native code)
V  [jvm.dll+0x6e2279]  (no source info available)
V  [jvm.dll+0x874e33]  (no source info available)
V  [jvm.dll+0x87725e]  (no source info available)
V  [jvm.dll+0x877933]  (no source info available)
V  [jvm.dll+0x27fd76]  (no source info available)
V  [jvm.dll+0xc3d0f]  (no source info available)
V  [jvm.dll+0xc40fb]  (no source info available)
V  [jvm.dll+0xc3bbb]  (no source info available)
V  [jvm.dll+0x6bfe20]  (no source info available)
V  [jvm.dll+0xbba78]  (no source info available)
V  [jvm.dll+0x6fa039]  (no source info available)
V  [jvm.dll+0x6f4fcf]  (no source info available)
V  [jvm.dll+0x6f4587]  (no source info available)
V  [jvm.dll+0x6f2764]  (no source info available)
V  [jvm.dll+0x1c805c]  (no source info available)
V  [jvm.dll+0x1c8bdb]  (no source info available)
V  [jvm.dll+0x2f2e3f]  (no source info available)
V  [jvm.dll+0x6fcc87]  (no source info available)
V  [jvm.dll+0x6f4fcf]  (no source info available)
V  [jvm.dll+0x6f4587]  (no source info available)
V  [jvm.dll+0x6f2764]  (no source info available)
V  [jvm.dll+0x1c805c]  (no source info available)
V  [jvm.dll+0x2f2e3f]  (no source info available)
V  [jvm.dll+0x6fcc87]  (no source info available)
V  [jvm.dll+0x6f4fcf]  (no source info available)
V  [jvm.dll+0x6f4587]  (no source info available)
V  [jvm.dll+0x6f2764]  (no source info available)
V  [jvm.dll+0x1c805c]  (no source info available)
V  [jvm.dll+0x246c2b]  (no source info available)
V  [jvm.dll+0x1c4e90]  (no source info available)
V  [jvm.dll+0x2569fe]  (no source info available)
V  [jvm.dll+0x254cba]  (no source info available)
V  [jvm.dll+0x3f5336]  (no source info available)
V  [jvm.dll+0x81d44b]  (no source info available)
V  [jvm.dll+0x6e0915]  (no source info available)
C  [ucrtbase.dll+0x37b0]  (no source info available)
C  [KERNEL32.DLL+0x2e8d7]  (no source info available)
C  [ntdll.dll+0x3c34c]  (no source info available)


---------------  P R O C E S S  ---------------

Threads class SMR info:
_java_thread_list=0x000001fa5f693370, length=31, elements={
0x000001fa173c2500, 0x000001fa173c3b80, 0x000001fa173c7c10, 0x000001fa173cc580,
0x000001fa173ccf40, 0x000001fa173ce6f0, 0x000001fa173cff60, 0x000001fa173e0240,
0x000001fa1739c7c0, 0x000001fa178a9450, 0x000001fa1797f430, 0x000001fa5f4b71e0,
0x000001fa5ee7aa40, 0x000001fa5f569a20, 0x000001fa5f8b1ad0, 0x000001fa5e15c2a0,
0x000001fa5f9f3ca0, 0x000001fa5f468a00, 0x000001fa5db325e0, 0x000001fa5e9c3a20,
0x000001fa5f5ff560, 0x000001fa5f5feed0, 0x000001fa5f601630, 0x000001fa5f601cc0,
0x000001fa5f600fa0, 0x000001fa5f602350, 0x000001fa5f5ffbf0, 0x000001fa5f600280,
0x000001fa5f600910, 0x000001fa5f6cd070, 0x000001fa5f6cfe60
}

Java Threads: ( => current thread )
  0x000001fa173c2500 JavaThread "Reference Handler"          daemon [_thread_blocked, id=21808, stack(0x0000008c32b00000,0x0000008c32c00000) (1024K)]
  0x000001fa173c3b80 JavaThread "Finalizer"                  daemon [_thread_blocked, id=20440, stack(0x0000008c32c00000,0x0000008c32d00000) (1024K)]
  0x000001fa173c7c10 JavaThread "Signal Dispatcher"          daemon [_thread_blocked, id=22348, stack(0x0000008c32d00000,0x0000008c32e00000) (1024K)]
  0x000001fa173cc580 JavaThread "Attach Listener"            daemon [_thread_blocked, id=1804, stack(0x0000008c32e00000,0x0000008c32f00000) (1024K)]
  0x000001fa173ccf40 JavaThread "Service Thread"             daemon [_thread_blocked, id=16132, stack(0x0000008c32f00000,0x0000008c33000000) (1024K)]
  0x000001fa173ce6f0 JavaThread "Monitor Deflation Thread"   daemon [_thread_blocked, id=14324, stack(0x0000008c33000000,0x0000008c33100000) (1024K)]
=>0x000001fa173cff60 JavaThread "C2 CompilerThread0"         daemon [_thread_in_native, id=4892, stack(0x0000008c33100000,0x0000008c33200000) (1024K)]
  0x000001fa173e0240 JavaThread "C1 CompilerThread0"         daemon [_thread_blocked, id=11320, stack(0x0000008c33200000,0x0000008c33300000) (1024K)]
  0x000001fa1739c7c0 JavaThread "Common-Cleaner"             daemon [_thread_blocked, id=19552, stack(0x0000008c33300000,0x0000008c33400000) (1024K)]
  0x000001fa178a9450 JavaThread "Monitor Ctrl-Break"         daemon [_thread_in_native, id=2296, stack(0x0000008c33400000,0x0000008c33500000) (1024K)]
  0x000001fa1797f430 JavaThread "Notification Thread"        daemon [_thread_blocked, id=20808, stack(0x0000008c33500000,0x0000008c33600000) (1024K)]
  0x000001fa5f4b71e0 JavaThread "Catalina-utility-1"                [_thread_blocked, id=20904, stack(0x0000008c33900000,0x0000008c33a00000) (1024K)]
  0x000001fa5ee7aa40 JavaThread "Catalina-utility-2"                [_thread_blocked, id=16896, stack(0x0000008c33a00000,0x0000008c33b00000) (1024K)]
  0x000001fa5f569a20 JavaThread "container-0"                       [_thread_blocked, id=15996, stack(0x0000008c33b00000,0x0000008c33c00000) (1024K)]
  0x000001fa5f8b1ad0 JavaThread "BufferPoolPruner-1-thread-1" daemon [_thread_blocked, id=10284, stack(0x0000008c33c00000,0x0000008c33d00000) (1024K)]
  0x000001fa5e15c2a0 JavaThread "cluster-ClusterId{value='68a9ba6dda337fa0eb108255', description='null'}-localhost:27017" daemon [_thread_in_native, id=9964, stack(0x0000008c33d00000,0x0000008c33e00000) (1024K)]
  0x000001fa5f9f3ca0 JavaThread "cluster-rtt-ClusterId{value='68a9ba6dda337fa0eb108255', description='null'}-localhost:27017" daemon [_thread_blocked, id=17892, stack(0x0000008c33f00000,0x0000008c34000000) (1024K)]
  0x000001fa5f468a00 JavaThread "MaintenanceTimer-2-thread-1" daemon [_thread_blocked, id=14708, stack(0x0000008c34000000,0x0000008c34100000) (1024K)]
  0x000001fa5db325e0 JavaThread "http-nio-8080-exec-1"       daemon [_thread_blocked, id=5780, stack(0x0000008c34100000,0x0000008c34200000) (1024K)]
  0x000001fa5e9c3a20 JavaThread "http-nio-8080-exec-2"       daemon [_thread_blocked, id=18640, stack(0x0000008c34200000,0x0000008c34300000) (1024K)]
  0x000001fa5f5ff560 JavaThread "http-nio-8080-exec-3"       daemon [_thread_blocked, id=15432, stack(0x0000008c34300000,0x0000008c34400000) (1024K)]
  0x000001fa5f5feed0 JavaThread "http-nio-8080-exec-4"       daemon [_thread_blocked, id=9468, stack(0x0000008c34400000,0x0000008c34500000) (1024K)]
  0x000001fa5f601630 JavaThread "http-nio-8080-exec-5"       daemon [_thread_blocked, id=10404, stack(0x0000008c34500000,0x0000008c34600000) (1024K)]
  0x000001fa5f601cc0 JavaThread "http-nio-8080-exec-6"       daemon [_thread_blocked, id=20188, stack(0x0000008c34600000,0x0000008c34700000) (1024K)]
  0x000001fa5f600fa0 JavaThread "http-nio-8080-exec-7"       daemon [_thread_blocked, id=21116, stack(0x0000008c34700000,0x0000008c34800000) (1024K)]
  0x000001fa5f602350 JavaThread "http-nio-8080-exec-8"       daemon [_thread_blocked, id=16716, stack(0x0000008c34800000,0x0000008c34900000) (1024K)]
  0x000001fa5f5ffbf0 JavaThread "http-nio-8080-exec-9"       daemon [_thread_blocked, id=19996, stack(0x0000008c34900000,0x0000008c34a00000) (1024K)]
  0x000001fa5f600280 JavaThread "http-nio-8080-exec-10"      daemon [_thread_blocked, id=3952, stack(0x0000008c34a00000,0x0000008c34b00000) (1024K)]
  0x000001fa5f600910 JavaThread "http-nio-8080-Poller"       daemon [_thread_in_native, id=21628, stack(0x0000008c34b00000,0x0000008c34c00000) (1024K)]
  0x000001fa5f6cd070 JavaThread "http-nio-8080-Acceptor"     daemon [_thread_in_native, id=19952, stack(0x0000008c34c00000,0x0000008c34d00000) (1024K)]
  0x000001fa5f6cfe60 JavaThread "DestroyJavaVM"                     [_thread_blocked, id=13516, stack(0x0000008c32300000,0x0000008c32400000) (1024K)]
Total: 31

Other Threads:
  0x000001fa173a4830 VMThread "VM Thread"                           [id=16344, stack(0x0000008c32a00000,0x0000008c32b00000) (1024K)]
  0x000001fa1739c430 WatcherThread "VM Periodic Task Thread"        [id=12652, stack(0x0000008c32900000,0x0000008c32a00000) (1024K)]
  0x000001fa7c7a69e0 WorkerThread "GC Thread#0"                     [id=7032, stack(0x0000008c32400000,0x0000008c32500000) (1024K)]
  0x000001fa5d3e17e0 WorkerThread "GC Thread#1"                     [id=1920, stack(0x0000008c33600000,0x0000008c33700000) (1024K)]
  0x000001fa5d3a8e20 WorkerThread "GC Thread#2"                     [id=17088, stack(0x0000008c33700000,0x0000008c33800000) (1024K)]
  0x000001fa5d06bb40 WorkerThread "GC Thread#3"                     [id=13716, stack(0x0000008c33800000,0x0000008c33900000) (1024K)]
  0x000001fa7c7b0320 ConcurrentGCThread "G1 Main Marker"            [id=22024, stack(0x0000008c32500000,0x0000008c32600000) (1024K)]
  0x000001fa7c7b0e30 WorkerThread "G1 Conc#0"                       [id=18800, stack(0x0000008c32600000,0x0000008c32700000) (1024K)]
  0x000001fa7c808190 ConcurrentGCThread "G1 Refine#0"               [id=21712, stack(0x0000008c32700000,0x0000008c32800000) (1024K)]
  0x000001fa7c808d10 ConcurrentGCThread "G1 Service"                [id=15212, stack(0x0000008c32800000,0x0000008c32900000) (1024K)]
Total: 10

Threads with active compile tasks:
C2 CompilerThread0  7280889 6239       4       java.util.concurrent.locks.AbstractQueuedSynchronizer$ConditionObject::awaitNanos (207 bytes)
Total: 1

VM state: not at safepoint (normal execution)

VM Mutex/Monitor currently owned by a thread: None

Heap address: 0x00000000c3600000, size: 970 MB, Compressed Oops mode: 32-bit

CDS archive(s) mapped at: [0x000001fa18000000-0x000001fa18c60000-0x000001fa18c60000), size 12976128, SharedBaseAddress: 0x000001fa18000000, ArchiveRelocationMode: 1.
Compressed class space mapped at: 0x000001fa19000000-0x000001fa59000000, reserved size: 1073741824
Narrow klass base: 0x000001fa18000000, Narrow klass shift: 0, Narrow klass range: 0x41000000

GC Precious Log:
 CardTable entry size: 512
 Card Set container configuration: InlinePtr #cards 5 size 8 Array Of Cards #cards 12 size 40 Howl #buckets 4 coarsen threshold 1843 Howl Bitmap #cards 512 size 80 coarsen threshold 460 Card regions per heap region 1 cards per card region 2048
 CPUs: 4 total, 4 available
 Memory: 3877M
 Large Page Support: Disabled
 NUMA Support: Disabled
 Compressed Oops: Enabled (32-bit)
 Heap Region Size: 1M
 Heap Min Capacity: 8M
 Heap Initial Capacity: 62M
 Heap Max Capacity: 970M
 Pre-touch: Disabled
 Parallel Workers: 4
 Concurrent Workers: 1
 Concurrent Refinement Workers: 4
 Periodic GC: Disabled

Heap:
 garbage-first heap   total reserved 993280K, committed 45056K, used 30221K [0x00000000c3600000, 0x0000000100000000)
  region size 1024K, 9 young (9216K), 1 survivors (1024K)
 Metaspace       used 44432K, committed 45248K, reserved 1114112K
  class space    used 5945K, committed 6272K, reserved 1048576K

Heap Regions: E=young(eden), S=young(survivor), O=old, HS=humongous(starts), HC=humongous(continues), CS=collection set, F=free, TAMS=top-at-mark-start, PB=parsable bottom
|   0|0x00000000c3600000, 0x00000000c3700000, 0x00000000c3700000|100%| O|  |TAMS 0x00000000c3600000| PB 0x00000000c3600000| Untracked |  0
|   1|0x00000000c3700000, 0x00000000c3800000, 0x00000000c3800000|100%| O|  |TAMS 0x00000000c3700000| PB 0x00000000c3700000| Untracked |  0
|   2|0x00000000c3800000, 0x00000000c3900000, 0x00000000c3900000|100%| O|  |TAMS 0x00000000c3800000| PB 0x00000000c3800000| Untracked |  0
|   3|0x00000000c3900000, 0x00000000c3a00000, 0x00000000c3a00000|100%| O|  |TAMS 0x00000000c3900000| PB 0x00000000c3900000| Untracked |  0
|   4|0x00000000c3a00000, 0x00000000c3b00000, 0x00000000c3b00000|100%| O|  |TAMS 0x00000000c3a00000| PB 0x00000000c3a00000| Untracked |  0
|   5|0x00000000c3b00000, 0x00000000c3c00000, 0x00000000c3c00000|100%| O|  |TAMS 0x00000000c3b00000| PB 0x00000000c3b00000| Untracked |  0
|   6|0x00000000c3c00000, 0x00000000c3d00000, 0x00000000c3d00000|100%| O|  |TAMS 0x00000000c3c00000| PB 0x00000000c3c00000| Untracked |  0
|   7|0x00000000c3d00000, 0x00000000c3e00000, 0x00000000c3e00000|100%| O|  |TAMS 0x00000000c3d00000| PB 0x00000000c3d00000| Untracked |  0
|   8|0x00000000c3e00000, 0x00000000c3f00000, 0x00000000c3f00000|100%| O|  |TAMS 0x00000000c3e00000| PB 0x00000000c3e00000| Untracked |  0
|   9|0x00000000c3f00000, 0x00000000c4000000, 0x00000000c4000000|100%| O|  |TAMS 0x00000000c3f00000| PB 0x00000000c3f00000| Untracked |  0
|  10|0x00000000c4000000, 0x00000000c4100000, 0x00000000c4100000|100%| O|  |TAMS 0x00000000c4000000| PB 0x00000000c4000000| Untracked |  0
|  11|0x00000000c4100000, 0x00000000c4200000, 0x00000000c4200000|100%| O|  |TAMS 0x00000000c4100000| PB 0x00000000c4100000| Untracked |  0
|  12|0x00000000c4200000, 0x00000000c4300000, 0x00000000c4300000|100%| O|  |TAMS 0x00000000c4200000| PB 0x00000000c4200000| Untracked |  0
|  13|0x00000000c4300000, 0x00000000c4400000, 0x00000000c4400000|100%| O|  |TAMS 0x00000000c4300000| PB 0x00000000c4300000| Untracked |  0
|  14|0x00000000c4400000, 0x00000000c4500000, 0x00000000c4500000|100%| O|  |TAMS 0x00000000c4400000| PB 0x00000000c4400000| Untracked |  0
|  15|0x00000000c4500000, 0x00000000c4600000, 0x00000000c4600000|100%| O|Cm|TAMS 0x00000000c4500000| PB 0x00000000c4500000| Complete |  0
|  16|0x00000000c4600000, 0x00000000c4700000, 0x00000000c4700000|100%| O|  |TAMS 0x00000000c4600000| PB 0x00000000c4600000| Untracked |  0
|  17|0x00000000c4700000, 0x00000000c4800000, 0x00000000c4800000|100%| O|Cm|TAMS 0x00000000c4700000| PB 0x00000000c4700000| Complete |  0
|  18|0x00000000c4800000, 0x00000000c4900000, 0x00000000c4900000|100%| O|  |TAMS 0x00000000c4800000| PB 0x00000000c4800000| Untracked |  0
|  19|0x00000000c4900000, 0x00000000c4a00000, 0x00000000c4a00000|100%| O|Cm|TAMS 0x00000000c4900000| PB 0x00000000c4900000| Complete |  0
|  20|0x00000000c4a00000, 0x00000000c4b00000, 0x00000000c4b00000|100%| O|Cm|TAMS 0x00000000c4a00000| PB 0x00000000c4a00000| Complete |  0
|  21|0x00000000c4b00000, 0x00000000c4bab2a0, 0x00000000c4c00000| 66%| O|  |TAMS 0x00000000c4b00000| PB 0x00000000c4b00000| Untracked |  0
|  22|0x00000000c4c00000, 0x00000000c4c00000, 0x00000000c4d00000|  0%| F|  |TAMS 0x00000000c4c00000| PB 0x00000000c4c00000| Untracked |  0
|  23|0x00000000c4d00000, 0x00000000c4d00000, 0x00000000c4e00000|  0%| F|  |TAMS 0x00000000c4d00000| PB 0x00000000c4d00000| Untracked |  0
|  24|0x00000000c4e00000, 0x00000000c4e00000, 0x00000000c4f00000|  0%| F|  |TAMS 0x00000000c4e00000| PB 0x00000000c4e00000| Untracked |  0
|  25|0x00000000c4f00000, 0x00000000c4f00000, 0x00000000c5000000|  0%| F|  |TAMS 0x00000000c4f00000| PB 0x00000000c4f00000| Untracked |  0
|  26|0x00000000c5000000, 0x00000000c5000000, 0x00000000c5100000|  0%| F|  |TAMS 0x00000000c5000000| PB 0x00000000c5000000| Untracked |  0
|  27|0x00000000c5100000, 0x00000000c51d82a8, 0x00000000c5200000| 84%| S|CS|TAMS 0x00000000c5100000| PB 0x00000000c5100000| Complete |  0
|  28|0x00000000c5200000, 0x00000000c5200000, 0x00000000c5300000|  0%| F|  |TAMS 0x00000000c5200000| PB 0x00000000c5200000| Untracked |  0
|  29|0x00000000c5300000, 0x00000000c5300000, 0x00000000c5400000|  0%| F|  |TAMS 0x00000000c5300000| PB 0x00000000c5300000| Untracked |  0
|  30|0x00000000c5400000, 0x00000000c5400000, 0x00000000c5500000|  0%| F|  |TAMS 0x00000000c5400000| PB 0x00000000c5400000| Untracked |  0
|  31|0x00000000c5500000, 0x00000000c5500000, 0x00000000c5600000|  0%| F|  |TAMS 0x00000000c5500000| PB 0x00000000c5500000| Untracked |  0
|  32|0x00000000c5600000, 0x00000000c5600000, 0x00000000c5700000|  0%| F|  |TAMS 0x00000000c5600000| PB 0x00000000c5600000| Untracked |  0
|  33|0x00000000c5700000, 0x00000000c5700000, 0x00000000c5800000|  0%| F|  |TAMS 0x00000000c5700000| PB 0x00000000c5700000| Untracked |  0
|  34|0x00000000c5800000, 0x00000000c5800000, 0x00000000c5900000|  0%| F|  |TAMS 0x00000000c5800000| PB 0x00000000c5800000| Untracked |  0
|  35|0x00000000c5900000, 0x00000000c5900000, 0x00000000c5a00000|  0%| F|  |TAMS 0x00000000c5900000| PB 0x00000000c5900000| Untracked |  0
|  36|0x00000000c5a00000, 0x00000000c5aceed0, 0x00000000c5b00000| 80%| E|  |TAMS 0x00000000c5a00000| PB 0x00000000c5a00000| Complete |  0
|  37|0x00000000c5b00000, 0x00000000c5c00000, 0x00000000c5c00000|100%| E|CS|TAMS 0x00000000c5b00000| PB 0x00000000c5b00000| Complete |  0
|  38|0x00000000c5c00000, 0x00000000c5d00000, 0x00000000c5d00000|100%| E|CS|TAMS 0x00000000c5c00000| PB 0x00000000c5c00000| Complete |  0
|  39|0x00000000c5d00000, 0x00000000c5e00000, 0x00000000c5e00000|100%| E|CS|TAMS 0x00000000c5d00000| PB 0x00000000c5d00000| Complete |  0
|  40|0x00000000c5e00000, 0x00000000c5f00000, 0x00000000c5f00000|100%| E|CS|TAMS 0x00000000c5e00000| PB 0x00000000c5e00000| Complete |  0
|  41|0x00000000c5f00000, 0x00000000c6000000, 0x00000000c6000000|100%| E|CS|TAMS 0x00000000c5f00000| PB 0x00000000c5f00000| Complete |  0
|  42|0x00000000c6000000, 0x00000000c6100000, 0x00000000c6100000|100%| E|CS|TAMS 0x00000000c6000000| PB 0x00000000c6000000| Complete |  0
|  43|0x00000000c6100000, 0x00000000c6200000, 0x00000000c6200000|100%| E|CS|TAMS 0x00000000c6100000| PB 0x00000000c6100000| Complete |  0

Card table byte_map: [0x000001fa7ca20000,0x000001fa7cc10000] _byte_map_base: 0x000001fa7c405000

Marking Bits: (CMBitMap*) 0x000001fa7c7a70f0
 Bits: [0x000001fa7cc10000, 0x000001fa7db38000)

Polling page: 0x000001fa7a8c0000

Metaspace:

Usage:
  Non-class:     37.58 MB used.
      Class:      5.81 MB used.
       Both:     43.39 MB used.

Virtual space:
  Non-class space:       64.00 MB reserved,      38.06 MB ( 59%) committed,  1 nodes.
      Class space:        1.00 GB reserved,       6.12 MB ( <1%) committed,  1 nodes.
             Both:        1.06 GB reserved,      44.19 MB (  4%) committed. 

Chunk freelists:
   Non-Class:  9.42 MB
       Class:  9.90 MB
        Both:  19.33 MB

MaxMetaspaceSize: unlimited
CompressedClassSpaceSize: 1.00 GB
Initial GC threshold: 21.00 MB
Current GC threshold: 73.69 MB
CDS: on
 - commit_granule_bytes: 65536.
 - commit_granule_words: 8192.
 - virtual_space_node_default_size: 8388608.
 - enlarge_chunks_in_place: 1.
 - use_allocation_guard: 0.


Internal statistics:

num_allocs_failed_limit: 6.
num_arena_births: 896.
num_arena_deaths: 284.
num_vsnodes_births: 2.
num_vsnodes_deaths: 0.
num_space_committed: 707.
num_space_uncommitted: 0.
num_chunks_returned_to_freelist: 322.
num_chunks_taken_from_freelist: 2592.
num_chunk_merges: 76.
num_chunk_splits: 1757.
num_chunks_enlarged: 1286.
num_inconsistent_stats: 0.

CodeHeap 'non-profiled nmethods': size=120000Kb used=2991Kb max_used=3065Kb free=117008Kb
 bounds [0x000001fa0fd50000, 0x000001fa10050000, 0x000001fa17280000]
CodeHeap 'profiled nmethods': size=120000Kb used=10652Kb max_used=11249Kb free=109348Kb
 bounds [0x000001fa08280000, 0x000001fa08d80000, 0x000001fa0f7b0000]
CodeHeap 'non-nmethods': size=5760Kb used=1773Kb max_used=1826Kb free=3986Kb
 bounds [0x000001fa0f7b0000, 0x000001fa0fa20000, 0x000001fa0fd50000]
 total_blobs=6090 nmethods=5449 adapters=545
 compilation: enabled
              stopped_count=0, restarted_count=0
 full_count=0

Compilation events (20 events):
Event: 6608.242 Thread 0x000001fa173cff60 nmethod 6228 0x000001fa0fe54490 code [0x000001fa0fe54740, 0x000001fa0fe55538]
Event: 6762.187 Thread 0x000001fa173cff60 6229       4       jdk.internal.misc.Unsafe::weakCompareAndSetLong (11 bytes)
Event: 6762.269 Thread 0x000001fa173cff60 nmethod 6229 0x000001fa0feeb390 code [0x000001fa0feeb500, 0x000001fa0feeb5a0]
Event: 6769.944 Thread 0x000001fa173cff60 6230       4       org.bson.codecs.BsonDocumentCodec::decode (58 bytes)
Event: 6770.220 Thread 0x000001fa173cff60 nmethod 6230 0x000001fa0fef1e10 code [0x000001fa0fef2260, 0x000001fa0fef41c8]
Event: 6967.982 Thread 0x000001fa173e0240 6231       3       java.util.concurrent.ConcurrentLinkedDeque::iterator (9 bytes)
Event: 6968.036 Thread 0x000001fa173e0240 nmethod 6231 0x000001fa08733190 code [0x000001fa08733360, 0x000001fa087336d8]
Event: 7029.998 Thread 0x000001fa173cff60 6233   !   4       java.util.AbstractSet::equals (45 bytes)
Event: 7030.154 Thread 0x000001fa173cff60 nmethod 6233 0x000001fa0fe03690 code [0x000001fa0fe03840, 0x000001fa0fe03a68]
Event: 7030.155 Thread 0x000001fa173cff60 6234       4       java.util.AbstractCollection::containsAll (38 bytes)
Event: 7030.162 Thread 0x000001fa173cff60 nmethod 6234 0x000001fa0fedfd90 code [0x000001fa0fedff20, 0x000001fa0fee0058]
Event: 7039.998 Thread 0x000001fa173cff60 6235       4       java.util.Collections$UnmodifiableSet::equals (24 bytes)
Event: 7040.003 Thread 0x000001fa173cff60 nmethod 6235 0x000001fa0febe710 code [0x000001fa0febe8e0, 0x000001fa0febeb50]
Event: 7132.625 Thread 0x000001fa173cff60 6236       4       java.nio.HeapByteBuffer::putInt (31 bytes)
Event: 7132.718 Thread 0x000001fa173cff60 nmethod 6236 0x000001fa0febe010 code [0x000001fa0febe1a0, 0x000001fa0febe2d0]
Event: 7210.063 Thread 0x000001fa173cff60 6237       4       java.util.concurrent.atomic.AtomicLong::incrementAndGet (14 bytes)
Event: 7210.164 Thread 0x000001fa173cff60 nmethod 6237 0x000001fa0ff23b90 code [0x000001fa0ff23d00, 0x000001fa0ff23d98]
Event: 7272.868 Thread 0x000001fa173e0240 6238       3       com.mongodb.internal.time.Timeout$$Lambda/0x000001fa1942cdd0::get (10 bytes)
Event: 7272.950 Thread 0x000001fa173e0240 nmethod 6238 0x000001fa08862810 code [0x000001fa088629c0, 0x000001fa08862b98]
Event: 7280.628 Thread 0x000001fa173cff60 6239       4       java.util.concurrent.locks.AbstractQueuedSynchronizer$ConditionObject::awaitNanos (207 bytes)

GC Heap History (20 events):
Event: 2.104 GC heap before
{Heap before GC invocations=0 (full 0):
 garbage-first heap   total reserved 993280K, committed 63488K, used 13312K [0x00000000c3600000, 0x0000000100000000)
  region size 1024K, 14 young (14336K), 0 survivors (0K)
 Metaspace       used 3901K, committed 4032K, reserved 1114112K
  class space    used 444K, committed 512K, reserved 1048576K
}
Event: 2.113 GC heap after
{Heap after GC invocations=1 (full 0):
 garbage-first heap   total reserved 993280K, committed 63488K, used 4736K [0x00000000c3600000, 0x0000000100000000)
  region size 1024K, 2 young (2048K), 2 survivors (2048K)
 Metaspace       used 3901K, committed 4032K, reserved 1114112K
  class space    used 444K, committed 512K, reserved 1048576K
}
Event: 3.221 GC heap before
{Heap before GC invocations=1 (full 0):
 garbage-first heap   total reserved 993280K, committed 63488K, used 21120K [0x00000000c3600000, 0x0000000100000000)
  region size 1024K, 18 young (18432K), 2 survivors (2048K)
 Metaspace       used 8828K, committed 9152K, reserved 1114112K
  class space    used 1129K, committed 1280K, reserved 1048576K
}
Event: 3.230 GC heap after
{Heap after GC invocations=2 (full 0):
 garbage-first heap   total reserved 993280K, committed 63488K, used 6519K [0x00000000c3600000, 0x0000000100000000)
  region size 1024K, 2 young (2048K), 2 survivors (2048K)
 Metaspace       used 8828K, committed 9152K, reserved 1114112K
  class space    used 1129K, committed 1280K, reserved 1048576K
}
Event: 4.376 GC heap before
{Heap before GC invocations=2 (full 0):
 garbage-first heap   total reserved 993280K, committed 63488K, used 41335K [0x00000000c3600000, 0x0000000100000000)
  region size 1024K, 37 young (37888K), 2 survivors (2048K)
 Metaspace       used 17773K, committed 18176K, reserved 1114112K
  class space    used 2229K, committed 2432K, reserved 1048576K
}
Event: 4.385 GC heap after
{Heap after GC invocations=3 (full 0):
 garbage-first heap   total reserved 993280K, committed 63488K, used 9837K [0x00000000c3600000, 0x0000000100000000)
  region size 1024K, 5 young (5120K), 5 survivors (5120K)
 Metaspace       used 17773K, committed 18176K, reserved 1114112K
  class space    used 2229K, committed 2432K, reserved 1048576K
}
Event: 5.731 GC heap before
{Heap before GC invocations=3 (full 0):
 garbage-first heap   total reserved 993280K, committed 63488K, used 36461K [0x00000000c3600000, 0x0000000100000000)
  region size 1024K, 32 young (32768K), 5 survivors (5120K)
 Metaspace       used 21181K, committed 21504K, reserved 1114112K
  class space    used 2656K, committed 2816K, reserved 1048576K
}
Event: 5.741 GC heap after
{Heap after GC invocations=4 (full 0):
 garbage-first heap   total reserved 993280K, committed 63488K, used 12336K [0x00000000c3600000, 0x0000000100000000)
  region size 1024K, 3 young (3072K), 3 survivors (3072K)
 Metaspace       used 21181K, committed 21504K, reserved 1114112K
  class space    used 2656K, committed 2816K, reserved 1048576K
}
Event: 7.079 GC heap before
{Heap before GC invocations=5 (full 0):
 garbage-first heap   total reserved 993280K, committed 45056K, used 35888K [0x00000000c3600000, 0x0000000100000000)
  region size 1024K, 26 young (26624K), 3 survivors (3072K)
 Metaspace       used 26157K, committed 26624K, reserved 1114112K
  class space    used 3398K, committed 3584K, reserved 1048576K
}
Event: 7.089 GC heap after
{Heap after GC invocations=6 (full 0):
 garbage-first heap   total reserved 993280K, committed 45056K, used 14727K [0x00000000c3600000, 0x0000000100000000)
  region size 1024K, 3 young (3072K), 3 survivors (3072K)
 Metaspace       used 26157K, committed 26624K, reserved 1114112K
  class space    used 3398K, committed 3584K, reserved 1048576K
}
Event: 7.866 GC heap before
{Heap before GC invocations=6 (full 0):
 garbage-first heap   total reserved 993280K, committed 45056K, used 34183K [0x00000000c3600000, 0x0000000100000000)
  region size 1024K, 22 young (22528K), 3 survivors (3072K)
 Metaspace       used 31271K, committed 31808K, reserved 1114112K
  class space    used 4051K, committed 4288K, reserved 1048576K
}
Event: 7.872 GC heap after
{Heap after GC invocations=7 (full 0):
 garbage-first heap   total reserved 993280K, committed 45056K, used 16218K [0x00000000c3600000, 0x0000000100000000)
  region size 1024K, 2 young (2048K), 2 survivors (2048K)
 Metaspace       used 31271K, committed 31808K, reserved 1114112K
  class space    used 4051K, committed 4288K, reserved 1048576K
}
Event: 8.650 GC heap before
{Heap before GC invocations=7 (full 0):
 garbage-first heap   total reserved 993280K, committed 45056K, used 33626K [0x00000000c3600000, 0x0000000100000000)
  region size 1024K, 20 young (20480K), 2 survivors (2048K)
 Metaspace       used 35496K, committed 35968K, reserved 1114112K
  class space    used 4735K, committed 4928K, reserved 1048576K
}
Event: 8.659 GC heap after
{Heap after GC invocations=8 (full 0):
 garbage-first heap   total reserved 993280K, committed 45056K, used 18606K [0x00000000c3600000, 0x0000000100000000)
  region size 1024K, 3 young (3072K), 3 survivors (3072K)
 Metaspace       used 35496K, committed 35968K, reserved 1114112K
  class space    used 4735K, committed 4928K, reserved 1048576K
}
Event: 9.735 GC heap before
{Heap before GC invocations=9 (full 0):
 garbage-first heap   total reserved 993280K, committed 45056K, used 37038K [0x00000000c3600000, 0x0000000100000000)
  region size 1024K, 21 young (21504K), 3 survivors (3072K)
 Metaspace       used 38537K, committed 39168K, reserved 1114112K
  class space    used 5199K, committed 5504K, reserved 1048576K
}
Event: 9.742 GC heap after
{Heap after GC invocations=10 (full 0):
 garbage-first heap   total reserved 993280K, committed 45056K, used 20528K [0x00000000c3600000, 0x0000000100000000)
  region size 1024K, 2 young (2048K), 2 survivors (2048K)
 Metaspace       used 38537K, committed 39168K, reserved 1114112K
  class space    used 5199K, committed 5504K, reserved 1048576K
}
Event: 44.191 GC heap before
{Heap before GC invocations=10 (full 0):
 garbage-first heap   total reserved 993280K, committed 45056K, used 36912K [0x00000000c3600000, 0x0000000100000000)
  region size 1024K, 19 young (19456K), 2 survivors (2048K)
 Metaspace       used 42395K, committed 43008K, reserved 1114112K
  class space    used 5752K, committed 6016K, reserved 1048576K
}
Event: 44.214 GC heap after
{Heap after GC invocations=11 (full 0):
 garbage-first heap   total reserved 993280K, committed 45056K, used 22094K [0x00000000c3600000, 0x0000000100000000)
  region size 1024K, 2 young (2048K), 2 survivors (2048K)
 Metaspace       used 42395K, committed 43008K, reserved 1114112K
  class space    used 5752K, committed 6016K, reserved 1048576K
}
Event: 4236.054 GC heap before
{Heap before GC invocations=11 (full 0):
 garbage-first heap   total reserved 993280K, committed 45056K, used 37454K [0x00000000c3600000, 0x0000000100000000)
  region size 1024K, 18 young (18432K), 2 survivors (2048K)
 Metaspace       used 44595K, committed 45248K, reserved 1114112K
  class space    used 6016K, committed 6272K, reserved 1048576K
}
Event: 4236.252 GC heap after
{Heap after GC invocations=12 (full 0):
 garbage-first heap   total reserved 993280K, committed 45056K, used 23053K [0x00000000c3600000, 0x0000000100000000)
  region size 1024K, 1 young (1024K), 1 survivors (1024K)
 Metaspace       used 44595K, committed 45248K, reserved 1114112K
  class space    used 6016K, committed 6272K, reserved 1048576K
}

Dll operation events (15 events):
Event: 0.027 Loaded shared library C:\Program Files\Java\jdk-22\bin\java.dll
Event: 0.075 Loaded shared library C:\Program Files\Java\jdk-22\bin\jsvml.dll
Event: 0.374 Loaded shared library C:\Program Files\Java\jdk-22\bin\zip.dll
Event: 0.383 Loaded shared library C:\Program Files\Java\jdk-22\bin\instrument.dll
Event: 0.391 Loaded shared library C:\Program Files\Java\jdk-22\bin\net.dll
Event: 0.395 Loaded shared library C:\Program Files\Java\jdk-22\bin\nio.dll
Event: 0.401 Loaded shared library C:\Program Files\Java\jdk-22\bin\zip.dll
Event: 0.850 Loaded shared library C:\Program Files\JetBrains\IntelliJ IDEA Community Edition 2024.2.1\bin\breakgen64.dll
Event: 0.876 Loaded shared library C:\Program Files\Java\jdk-22\bin\extnet.dll
Event: 0.986 Loaded shared library C:\Program Files\Java\jdk-22\bin\jimage.dll
Event: 2.980 Loaded shared library C:\Program Files\Java\jdk-22\bin\le.dll
Event: 4.393 Loaded shared library C:\Program Files\Java\jdk-22\bin\sunmscapi.dll
Event: 7.264 Loaded shared library C:\Program Files\Java\jdk-22\bin\management.dll
Event: 7.267 Loaded shared library C:\Program Files\Java\jdk-22\bin\management_ext.dll
Event: 76.319 Loaded shared library C:\Program Files\Java\jdk-22\bin\verify.dll

Deoptimization events (20 events):
Event: 4927.039 Thread 0x000001fa5f4b71e0 Uncommon trap: trap_request=0xffffffd6 fr.pc=0x000001fa0ff6e010 relative=0x0000000000000450
Event: 4927.039 Thread 0x000001fa5f4b71e0 Uncommon trap: reason=array_check action=maybe_recompile pc=0x000001fa0ff6e010 method=java.util.HashMap.valuesToArray([Ljava/lang/Object;)[Ljava/lang/Object; @ 62 c2
Event: 4927.039 Thread 0x000001fa5f4b71e0 DEOPT PACKING pc=0x000001fa0ff6e010 sp=0x0000008c339feee0
Event: 4927.039 Thread 0x000001fa5f4b71e0 DEOPT UNPACKING pc=0x000001fa0f807da2 sp=0x0000008c339fee68 mode 2
Event: 5387.635 Thread 0x000001fa5ee7aa40 Uncommon trap: trap_request=0xffffffbe fr.pc=0x000001fa0feab3b0 relative=0x00000000000003f0
Event: 5387.636 Thread 0x000001fa5ee7aa40 Uncommon trap: reason=profile_predicate action=maybe_recompile pc=0x000001fa0feab3b0 method=java.util.concurrent.ConcurrentHashMap$Traverser.advance()Ljava/util/concurrent/ConcurrentHashMap$Node; @ 15 c2
Event: 5387.639 Thread 0x000001fa5ee7aa40 DEOPT PACKING pc=0x000001fa0feab3b0 sp=0x0000008c33aff010
Event: 5387.643 Thread 0x000001fa5ee7aa40 DEOPT UNPACKING pc=0x000001fa0f807da2 sp=0x0000008c33afed68 mode 2
Event: 5388.634 Thread 0x000001fa5ee7aa40 Uncommon trap: trap_request=0xffffffbe fr.pc=0x000001fa0feab3b0 relative=0x00000000000003f0
Event: 5388.634 Thread 0x000001fa5ee7aa40 Uncommon trap: reason=profile_predicate action=maybe_recompile pc=0x000001fa0feab3b0 method=java.util.concurrent.ConcurrentHashMap$Traverser.advance()Ljava/util/concurrent/ConcurrentHashMap$Node; @ 15 c2
Event: 5388.635 Thread 0x000001fa5ee7aa40 DEOPT PACKING pc=0x000001fa0feab3b0 sp=0x0000008c33aff010
Event: 5388.636 Thread 0x000001fa5ee7aa40 DEOPT UNPACKING pc=0x000001fa0f807da2 sp=0x0000008c33afed68 mode 2
Event: 5389.627 Thread 0x000001fa5ee7aa40 Uncommon trap: trap_request=0xffffffbe fr.pc=0x000001fa0feab3b0 relative=0x00000000000003f0
Event: 5389.627 Thread 0x000001fa5ee7aa40 Uncommon trap: reason=profile_predicate action=maybe_recompile pc=0x000001fa0feab3b0 method=java.util.concurrent.ConcurrentHashMap$Traverser.advance()Ljava/util/concurrent/ConcurrentHashMap$Node; @ 15 c2
Event: 5389.627 Thread 0x000001fa5ee7aa40 DEOPT PACKING pc=0x000001fa0feab3b0 sp=0x0000008c33aff010
Event: 5389.627 Thread 0x000001fa5ee7aa40 DEOPT UNPACKING pc=0x000001fa0f807da2 sp=0x0000008c33afed68 mode 2
Event: 5390.639 Thread 0x000001fa5ee7aa40 Uncommon trap: trap_request=0xffffffbe fr.pc=0x000001fa0feab3b0 relative=0x00000000000003f0
Event: 5390.639 Thread 0x000001fa5ee7aa40 Uncommon trap: reason=profile_predicate action=maybe_recompile pc=0x000001fa0feab3b0 method=java.util.concurrent.ConcurrentHashMap$Traverser.advance()Ljava/util/concurrent/ConcurrentHashMap$Node; @ 15 c2
Event: 5390.639 Thread 0x000001fa5ee7aa40 DEOPT PACKING pc=0x000001fa0feab3b0 sp=0x0000008c33aff010
Event: 5390.640 Thread 0x000001fa5ee7aa40 DEOPT UNPACKING pc=0x000001fa0f807da2 sp=0x0000008c33afed68 mode 2

Classes loaded (20 events):
Event: 44.436 Loading class java/util/OptionalDouble
Event: 44.436 Loading class java/util/OptionalDouble done
Event: 44.438 Loading class java/util/stream/LongStream
Event: 44.439 Loading class java/util/stream/LongStream done
Event: 44.439 Loading class java/util/stream/DoubleStream
Event: 44.439 Loading class java/util/stream/DoubleStream done
Event: 44.441 Loading class org/w3c/dom/Node
Event: 44.441 Loading class org/w3c/dom/Node done
Event: 44.441 Loading class org/w3c/dom/Document
Event: 44.442 Loading class org/w3c/dom/Document done
Event: 76.068 Loading class java/time/Instant$1
Event: 76.071 Loading class java/time/Instant$1 done
Event: 76.246 Loading class java/util/ArrayList$SubList$1
Event: 76.248 Loading class java/util/ArrayList$SubList$1 done
Event: 76.248 Loading class sun/util/resources/Bundles$2
Event: 76.251 Loading class sun/util/resources/Bundles$2 done
Event: 76.448 Loading class java/util/concurrent/ConcurrentHashMap$TreeBin
Event: 76.450 Loading class java/util/concurrent/ConcurrentHashMap$TreeBin done
Event: 76.600 Loading class java/util/concurrent/ConcurrentHashMap$EntrySpliterator
Event: 76.602 Loading class java/util/concurrent/ConcurrentHashMap$EntrySpliterator done

Classes unloaded (20 events):
Event: 4236.504 Thread 0x000001fa173a4830 Unloading class 0x000001fa190cc400 'java/lang/invoke/LambdaForm$MH+0x000001fa190cc400'
Event: 4236.505 Thread 0x000001fa173a4830 Unloading class 0x000001fa190b0000 'java/lang/invoke/LambdaForm$DMH+0x000001fa190b0000'
Event: 4236.505 Thread 0x000001fa173a4830 Unloading class 0x000001fa1901b400 'java/lang/invoke/LambdaForm$MH+0x000001fa1901b400'
Event: 4236.505 Thread 0x000001fa173a4830 Unloading class 0x000001fa1901ac00 'java/lang/invoke/LambdaForm$MH+0x000001fa1901ac00'
Event: 4236.505 Thread 0x000001fa173a4830 Unloading class 0x000001fa1901a400 'java/lang/invoke/LambdaForm$MH+0x000001fa1901a400'
Event: 4236.505 Thread 0x000001fa173a4830 Unloading class 0x000001fa1901a000 'java/lang/invoke/LambdaForm$MH+0x000001fa1901a000'
Event: 4236.505 Thread 0x000001fa173a4830 Unloading class 0x000001fa19019000 'java/lang/invoke/LambdaForm$MH+0x000001fa19019000'
Event: 4236.506 Thread 0x000001fa173a4830 Unloading class 0x000001fa19018400 'java/lang/invoke/LambdaForm$MH+0x000001fa19018400'
Event: 4236.506 Thread 0x000001fa173a4830 Unloading class 0x000001fa19018000 'java/lang/invoke/LambdaForm$MH+0x000001fa19018000'
Event: 4236.506 Thread 0x000001fa173a4830 Unloading class 0x000001fa19017800 'java/lang/invoke/LambdaForm$MH+0x000001fa19017800'
Event: 4236.506 Thread 0x000001fa173a4830 Unloading class 0x000001fa19017400 'java/lang/invoke/LambdaForm$MH+0x000001fa19017400'
Event: 4236.506 Thread 0x000001fa173a4830 Unloading class 0x000001fa19017000 'java/lang/invoke/LambdaForm$MH+0x000001fa19017000'
Event: 4236.506 Thread 0x000001fa173a4830 Unloading class 0x000001fa19016000 'java/lang/invoke/LambdaForm$MH+0x000001fa19016000'
Event: 4236.506 Thread 0x000001fa173a4830 Unloading class 0x000001fa19015000 'java/lang/invoke/LambdaForm$MH+0x000001fa19015000'
Event: 4236.506 Thread 0x000001fa173a4830 Unloading class 0x000001fa19014800 'java/lang/invoke/LambdaForm$MH+0x000001fa19014800'
Event: 4236.506 Thread 0x000001fa173a4830 Unloading class 0x000001fa19014000 'java/lang/invoke/LambdaForm$MH+0x000001fa19014000'
Event: 4236.506 Thread 0x000001fa173a4830 Unloading class 0x000001fa19002400 'java/lang/invoke/LambdaForm$MH+0x000001fa19002400'
Event: 4236.506 Thread 0x000001fa173a4830 Unloading class 0x000001fa19002000 'java/lang/invoke/LambdaForm$MH+0x000001fa19002000'
Event: 4236.506 Thread 0x000001fa173a4830 Unloading class 0x000001fa19001c00 'java/lang/invoke/LambdaForm$MH+0x000001fa19001c00'
Event: 4236.506 Thread 0x000001fa173a4830 Unloading class 0x000001fa19001400 'java/lang/invoke/LambdaForm$MH+0x000001fa19001400'

Classes redefined (0 events):
No events

Internal exceptions (20 events):
Event: 10.370 Thread 0x000001fa7a5ab030 Exception <a 'java/lang/NoSuchMethodError'{0x00000000c5869808}: 'java.lang.Object java.lang.invoke.DirectMethodHandle$Holder.newInvokeSpecial(java.lang.Object, java.lang.Object, int, java.lang.Object, java.lang.Object)'> (0x00000000c5869808) 
thrown [s\open\src\hotspot\share\interpreter\linkResolver.cpp, line 774]
Event: 43.583 Thread 0x000001fa5f6cd070 Exception <a 'java/lang/NoSuchMethodError'{0x00000000c5694c90}: 'java.lang.Object java.lang.invoke.DirectMethodHandle$Holder.invokeStatic(java.lang.Object, java.lang.Object, java.lang.Object, int, int)'> (0x00000000c5694c90) 
thrown [s\open\src\hotspot\share\interpreter\linkResolver.cpp, line 774]
Event: 43.585 Thread 0x000001fa5f6cd070 Exception <a 'java/lang/NoSuchMethodError'{0x00000000c5698250}: 'java.lang.Object java.lang.invoke.DirectMethodHandle$Holder.invokeStaticInit(java.lang.Object, java.lang.Object, java.lang.Object, int, int)'> (0x00000000c5698250) 
thrown [s\open\src\hotspot\share\interpreter\linkResolver.cpp, line 774]
Event: 43.729 Thread 0x000001fa5db325e0 Exception <a 'java/lang/NoSuchMethodError'{0x00000000c55ca9c8}: 'java.lang.Object java.lang.invoke.DirectMethodHandle$Holder.invokeSpecial(java.lang.Object, java.lang.Object, java.lang.Object, java.lang.Object, java.lang.Object, long)'> (0x00000000c55ca9c8) 
thrown [s\open\src\hotspot\share\interpreter\linkResolver.cpp, line 774]
Event: 43.729 Thread 0x000001fa5db325e0 Exception <a 'java/lang/NoSuchMethodError'{0x00000000c55ce188}: 'java.lang.Object java.lang.invoke.Invokers$Holder.linkToTargetMethod(java.lang.Object, java.lang.Object, java.lang.Object, long, java.lang.Object)'> (0x00000000c55ce188) 
thrown [s\open\src\hotspot\share\interpreter\linkResolver.cpp, line 774]
Event: 43.888 Thread 0x000001fa5db325e0 Exception <a 'java/lang/NoSuchMethodError'{0x00000000c5337ce8}: 'java.lang.Object java.lang.invoke.DirectMethodHandle$Holder.invokeStatic(java.lang.Object, int, int)'> (0x00000000c5337ce8) 
thrown [s\open\src\hotspot\share\interpreter\linkResolver.cpp, line 774]
Event: 44.285 Thread 0x000001fa5db325e0 Exception <a 'java/lang/NoSuchMethodError'{0x00000000c602f5b0}: 'java.lang.Object java.lang.invoke.DirectMethodHandle$Holder.invokeInterface(java.lang.Object, java.lang.Object, int)'> (0x00000000c602f5b0) 
thrown [s\open\src\hotspot\share\interpreter\linkResolver.cpp, line 774]
Event: 44.402 Thread 0x000001fa5db325e0 Exception <a 'java/lang/NoSuchMethodError'{0x00000000c60e4400}: 'long java.lang.invoke.DirectMethodHandle$Holder.invokeStatic(java.lang.Object, long)'> (0x00000000c60e4400) 
thrown [s\open\src\hotspot\share\interpreter\linkResolver.cpp, line 774]
Event: 68.290 Thread 0x000001fa5f8b1ad0 Exception <a 'java/lang/NoSuchMethodError'{0x00000000c5fe1658}: 'java.lang.Object java.lang.invoke.DirectMethodHandle$Holder.newInvokeSpecial(java.lang.Object, java.lang.Object, long)'> (0x00000000c5fe1658) 
thrown [s\open\src\hotspot\share\interpreter\linkResolver.cpp, line 774]
Event: 68.293 Thread 0x000001fa5f8b1ad0 Exception <a 'java/lang/NoSuchMethodError'{0x00000000c5fe4b38}: 'java.lang.Object java.lang.invoke.Invokers$Holder.linkToTargetMethod(java.lang.Object, long, java.lang.Object)'> (0x00000000c5fe4b38) 
thrown [s\open\src\hotspot\share\interpreter\linkResolver.cpp, line 774]
Event: 76.095 Thread 0x000001fa5f5ff560 Implicit null exception at 0x000001fa0fdd173a to 0x000001fa0fdd1774
Event: 76.357 Thread 0x000001fa5f5ff560 Exception <a 'java/lang/NoSuchMethodError'{0x00000000c5d7ef00}: 'java.lang.Object java.lang.invoke.DirectMethodHandle$Holder.invokeInterface(java.lang.Object, java.lang.Object, java.lang.Object, java.lang.Object)'> (0x00000000c5d7ef00) 
thrown [s\open\src\hotspot\share\interpreter\linkResolver.cpp, line 774]
Event: 76.415 Thread 0x000001fa5f5ff560 Exception <a 'java/lang/NoSuchMethodError'{0x00000000c5c229d8}: 'int java.lang.invoke.DirectMethodHandle$Holder.invokeStatic(java.lang.Object, int, java.lang.Object)'> (0x00000000c5c229d8) 
thrown [s\open\src\hotspot\share\interpreter\linkResolver.cpp, line 774]
Event: 76.419 Thread 0x000001fa5f5ff560 Exception <a 'java/lang/NoSuchMethodError'{0x00000000c5c31240}: 'void java.lang.invoke.Invokers$Holder.invoke_MT(java.lang.Object, java.lang.Object, java.lang.Object, java.lang.Object)'> (0x00000000c5c31240) 
thrown [s\open\src\hotspot\share\interpreter\linkResolver.cpp, line 774]
Event: 76.524 Thread 0x000001fa5f5ff560 Exception <a 'java/lang/NoSuchMethodError'{0x00000000c5b3dc40}: 'void java.lang.invoke.DirectMethodHandle$Holder.invokeSpecial(java.lang.Object, java.lang.Object, int)'> (0x00000000c5b3dc40) 
thrown [s\open\src\hotspot\share\interpreter\linkResolver.cpp, line 774]
Event: 76.526 Thread 0x000001fa5f5ff560 Exception <a 'java/lang/NoSuchMethodError'{0x00000000c5b46740}: 'void java.lang.invoke.DirectMethodHandle$Holder.invokeSpecial(java.lang.Object, java.lang.Object, long)'> (0x00000000c5b46740) 
thrown [s\open\src\hotspot\share\interpreter\linkResolver.cpp, line 774]
Event: 5387.634 Thread 0x000001fa5ee7aa40 Implicit null exception at 0x000001fa0feab047 to 0x000001fa0feab394
Event: 5388.633 Thread 0x000001fa5ee7aa40 Implicit null exception at 0x000001fa0feab047 to 0x000001fa0feab394
Event: 5389.627 Thread 0x000001fa5ee7aa40 Implicit null exception at 0x000001fa0feab047 to 0x000001fa0feab394
Event: 5390.639 Thread 0x000001fa5ee7aa40 Implicit null exception at 0x000001fa0feab047 to 0x000001fa0feab394

ZGC Phase Switch (0 events):
No events

VM Operations (20 events):
Event: 5460.202 Executing VM operation: Cleanup
Event: 5460.205 Executing VM operation: Cleanup done
Event: 5540.009 Executing VM operation: Cleanup
Event: 5540.016 Executing VM operation: Cleanup done
Event: 6001.465 Executing VM operation: Cleanup
Event: 6001.475 Executing VM operation: Cleanup done
Event: 6031.762 Executing VM operation: Cleanup
Event: 6031.762 Executing VM operation: Cleanup done
Event: 6480.316 Executing VM operation: Cleanup
Event: 6480.325 Executing VM operation: Cleanup done
Event: 6548.032 Executing VM operation: Cleanup
Event: 6548.037 Executing VM operation: Cleanup done
Event: 6772.203 Executing VM operation: Cleanup
Event: 6772.212 Executing VM operation: Cleanup done
Event: 7040.772 Executing VM operation: Cleanup
Event: 7040.781 Executing VM operation: Cleanup done
Event: 7050.901 Executing VM operation: Cleanup
Event: 7050.902 Executing VM operation: Cleanup done
Event: 7142.854 Executing VM operation: Cleanup
Event: 7142.858 Executing VM operation: Cleanup done

Events (20 events):
Event: 4237.025 Thread 0x000001fa173a4830 flushing nmethod 0x000001fa08788090
Event: 4237.025 Thread 0x000001fa173a4830 flushing nmethod 0x000001fa08788710
Event: 4237.025 Thread 0x000001fa173a4830 flushing nmethod 0x000001fa0878aa10
Event: 4237.026 Thread 0x000001fa173a4830 flushing nmethod 0x000001fa08804110
Event: 4237.026 Thread 0x000001fa173a4830 flushing nmethod 0x000001fa08843d10
Event: 4237.026 Thread 0x000001fa173a4830 flushing nmethod 0x000001fa08875b10
Event: 4237.026 Thread 0x000001fa173a4830 flushing nmethod 0x000001fa088b6e10
Event: 4237.026 Thread 0x000001fa173a4830 flushing nmethod 0x000001fa088b7610
Event: 4237.026 Thread 0x000001fa173a4830 flushing nmethod 0x000001fa088c4890
Event: 4237.026 Thread 0x000001fa173a4830 flushing nmethod 0x000001fa0893ea10
Event: 4237.026 Thread 0x000001fa173a4830 flushing nmethod 0x000001fa08941d90
Event: 4237.026 Thread 0x000001fa173a4830 flushing nmethod 0x000001fa0894af90
Event: 4237.026 Thread 0x000001fa173a4830 flushing nmethod 0x000001fa089d1290
Event: 4237.026 Thread 0x000001fa173a4830 flushing nmethod 0x000001fa089d2d90
Event: 4237.027 Thread 0x000001fa173a4830 flushing nmethod 0x000001fa089f3e10
Event: 4237.027 Thread 0x000001fa173a4830 flushing nmethod 0x000001fa089f5f90
Event: 4237.027 Thread 0x000001fa173a4830 flushing nmethod 0x000001fa08ab0190
Event: 4237.027 Thread 0x000001fa173a4830 flushing nmethod 0x000001fa08ad9d10
Event: 4237.027 Thread 0x000001fa173a4830 flushing nmethod 0x000001fa08ae9610
Event: 4237.027 Thread 0x000001fa173a4830 flushing nmethod 0x000001fa08aeb010


Dynamic libraries:
0x00007ff6a05c0000 - 0x00007ff6a05d0000 	C:\Program Files\Java\jdk-22\bin\java.exe
0x00007ffa1cee0000 - 0x00007ffa1d147000 	C:\WINDOWS\SYSTEM32\ntdll.dll
0x00007ffa1c670000 - 0x00007ffa1c739000 	C:\WINDOWS\System32\KERNEL32.DLL
0x00007ffa1a790000 - 0x00007ffa1ab80000 	C:\WINDOWS\System32\KERNELBASE.dll
0x00007ffa1a640000 - 0x00007ffa1a78b000 	C:\WINDOWS\System32\ucrtbase.dll
0x00007ffa16c10000 - 0x00007ffa16c27000 	C:\Program Files\Java\jdk-22\bin\jli.dll
0x00007ffa10470000 - 0x00007ffa1048b000 	C:\Program Files\Java\jdk-22\bin\VCRUNTIME140.dll
0x00007ffa1b940000 - 0x00007ffa1b9f4000 	C:\WINDOWS\System32\ADVAPI32.dll
0x00007ffa1b820000 - 0x00007ffa1b8c9000 	C:\WINDOWS\System32\msvcrt.dll
0x00007ffa1c8d0000 - 0x00007ffa1c976000 	C:\WINDOWS\System32\sechost.dll
0x00007ffa1b1c0000 - 0x00007ffa1b2d8000 	C:\WINDOWS\System32\RPCRT4.dll
0x00007ffa1bcd0000 - 0x00007ffa1be95000 	C:\WINDOWS\System32\USER32.dll
0x00007ffa1ac40000 - 0x00007ffa1ac67000 	C:\WINDOWS\System32\win32u.dll
0x00007ffa1af40000 - 0x00007ffa1af6b000 	C:\WINDOWS\System32\GDI32.dll
0x00007ff9fe360000 - 0x00007ff9fe5fa000 	C:\WINDOWS\WinSxS\amd64_microsoft.windows.common-controls_6595b64144ccf1df_6.0.26100.4768_none_3e0c112ce331287c\COMCTL32.dll
0x00007ffa1a0d0000 - 0x00007ffa1a208000 	C:\WINDOWS\System32\gdi32full.dll
0x00007ffa1ab90000 - 0x00007ffa1ac33000 	C:\WINDOWS\System32\msvcp_win.dll
0x00007ffa0f7c0000 - 0x00007ffa0f7cb000 	C:\WINDOWS\SYSTEM32\VERSION.dll
0x00007ffa1b900000 - 0x00007ffa1b92f000 	C:\WINDOWS\System32\IMM32.DLL
0x00007ffa12f70000 - 0x00007ffa12f7c000 	C:\Program Files\Java\jdk-22\bin\vcruntime140_1.dll
0x00007ff9e24f0000 - 0x00007ff9e257e000 	C:\Program Files\Java\jdk-22\bin\msvcp140.dll
0x00007ff9a5660000 - 0x00007ff9a63a7000 	C:\Program Files\Java\jdk-22\bin\server\jvm.dll
0x00007ffa1bea0000 - 0x00007ffa1bf14000 	C:\WINDOWS\System32\WS2_32.dll
0x00007ffa19e90000 - 0x00007ffa19eee000 	C:\WINDOWS\SYSTEM32\POWRPROF.dll
0x00007ffa02050000 - 0x00007ffa02085000 	C:\WINDOWS\SYSTEM32\WINMM.dll
0x00007ffa19e70000 - 0x00007ffa19e84000 	C:\WINDOWS\SYSTEM32\UMPDC.dll
0x00007ffa18d90000 - 0x00007ffa18dab000 	C:\WINDOWS\SYSTEM32\kernel.appcore.dll
0x00007ffa104c0000 - 0x00007ffa104ca000 	C:\Program Files\Java\jdk-22\bin\jimage.dll
0x00007ffa17780000 - 0x00007ffa179c1000 	C:\WINDOWS\SYSTEM32\DBGHELP.DLL
0x00007ffa1c980000 - 0x00007ffa1cd05000 	C:\WINDOWS\System32\combase.dll
0x00007ffa1c7e0000 - 0x00007ffa1c8c0000 	C:\WINDOWS\System32\OLEAUT32.dll
0x00007ff9fc9f0000 - 0x00007ff9fca33000 	C:\WINDOWS\SYSTEM32\dbgcore.DLL
0x00007ffa1a5a0000 - 0x00007ffa1a639000 	C:\WINDOWS\System32\bcryptPrimitives.dll
0x00007ffa10450000 - 0x00007ffa1045f000 	C:\Program Files\Java\jdk-22\bin\instrument.dll
0x00007ff9fd750000 - 0x00007ff9fd76e000 	C:\Program Files\Java\jdk-22\bin\java.dll
0x00007ffa1bf20000 - 0x00007ffa1c66d000 	C:\WINDOWS\System32\SHELL32.dll
0x00007ffa1a390000 - 0x00007ffa1a503000 	C:\WINDOWS\System32\wintypes.dll
0x00007ffa1ba00000 - 0x00007ffa1bba0000 	C:\WINDOWS\System32\ole32.dll
0x00007ffa17c30000 - 0x00007ffa18490000 	C:\WINDOWS\SYSTEM32\windows.storage.dll
0x00007ffa1bbd0000 - 0x00007ffa1bcc5000 	C:\WINDOWS\System32\SHCORE.dll
0x00007ffa1ce10000 - 0x00007ffa1ce7a000 	C:\WINDOWS\System32\shlwapi.dll
0x00007ffa19f30000 - 0x00007ffa19f59000 	C:\WINDOWS\SYSTEM32\profapi.dll
0x00007ff9c6cc0000 - 0x00007ff9c6d97000 	C:\Program Files\Java\jdk-22\bin\jsvml.dll
0x00007ff9fd710000 - 0x00007ff9fd727000 	C:\Program Files\Java\jdk-22\bin\zip.dll
0x00007ff9fffe0000 - 0x00007ff9ffff0000 	C:\Program Files\Java\jdk-22\bin\net.dll
0x00007ffa19320000 - 0x00007ffa1938b000 	C:\WINDOWS\system32\mswsock.dll
0x00007ff9fd730000 - 0x00007ff9fd746000 	C:\Program Files\Java\jdk-22\bin\nio.dll
0x00007ff9f1990000 - 0x00007ff9f19aa000 	C:\Program Files\JetBrains\IntelliJ IDEA Community Edition 2024.2.1\bin\breakgen64.dll
0x00007ff9f7c00000 - 0x00007ff9f7c09000 	C:\Program Files\Java\jdk-22\bin\extnet.dll
0x00007ff9f1980000 - 0x00007ff9f198b000 	C:\Program Files\Java\jdk-22\bin\le.dll
0x00007ff9f1970000 - 0x00007ff9f197e000 	C:\Program Files\Java\jdk-22\bin\sunmscapi.dll
0x00007ffa1a210000 - 0x00007ffa1a387000 	C:\WINDOWS\System32\CRYPT32.dll
0x00007ffa19800000 - 0x00007ffa19830000 	C:\WINDOWS\SYSTEM32\ncrypt.dll
0x00007ffa197b0000 - 0x00007ffa197ef000 	C:\WINDOWS\SYSTEM32\NTASN1.dll
0x00007ffa195e0000 - 0x00007ffa195fb000 	C:\WINDOWS\SYSTEM32\CRYPTSP.dll
0x00007ffa18cf0000 - 0x00007ffa18d2b000 	C:\WINDOWS\system32\rsaenh.dll
0x00007ffa193c0000 - 0x00007ffa193eb000 	C:\WINDOWS\SYSTEM32\USERENV.dll
0x00007ffa19f00000 - 0x00007ffa19f26000 	C:\WINDOWS\SYSTEM32\bcrypt.dll
0x00007ffa19600000 - 0x00007ffa1960c000 	C:\WINDOWS\SYSTEM32\CRYPTBASE.dll
0x00007ffa187a0000 - 0x00007ffa187d3000 	C:\WINDOWS\SYSTEM32\IPHLPAPI.DLL
0x00007ffa1ce80000 - 0x00007ffa1ce8a000 	C:\WINDOWS\System32\NSI.dll
0x00007ff9f7780000 - 0x00007ff9f778a000 	C:\Program Files\Java\jdk-22\bin\management.dll
0x00007ff9f68c0000 - 0x00007ff9f68cb000 	C:\Program Files\Java\jdk-22\bin\management_ext.dll
0x00007ffa1c740000 - 0x00007ffa1c748000 	C:\WINDOWS\System32\PSAPI.DLL
0x00007ffa18830000 - 0x00007ffa18956000 	C:\WINDOWS\SYSTEM32\DNSAPI.dll
0x00007ffa12270000 - 0x00007ffa1227b000 	C:\Windows\System32\rasadhlp.dll
0x00007ffa0b580000 - 0x00007ffa0b606000 	C:\WINDOWS\System32\fwpuclnt.dll
0x00007ffa10340000 - 0x00007ffa10348000 	C:\WINDOWS\system32\wshunix.dll
0x00007ff9f1960000 - 0x00007ff9f1970000 	C:\Program Files\Java\jdk-22\bin\verify.dll

dbghelp: loaded successfully - version: 4.0.5 - missing functions: none
symbol engine: initialized successfully - sym options: 0x614 - pdb path: .;C:\Program Files\Java\jdk-22\bin;C:\WINDOWS\SYSTEM32;C:\WINDOWS\WinSxS\amd64_microsoft.windows.common-controls_6595b64144ccf1df_6.0.26100.4768_none_3e0c112ce331287c;C:\Program Files\Java\jdk-22\bin\server;C:\Program Files\JetBrains\IntelliJ IDEA Community Edition 2024.2.1\bin

VM Arguments:
jvm_args: -javaagent:C:\Program Files\JetBrains\IntelliJ IDEA Community Edition 2024.2.1\lib\idea_rt.jar=62220:C:\Program Files\JetBrains\IntelliJ IDEA Community Edition 2024.2.1\bin -Dfile.encoding=UTF-8 -Dsun.stdout.encoding=UTF-8 -Dsun.stderr.encoding=UTF-8 
java_command: in.shahvez.cloudshareapi.CloudshareapiApplication
java_class_path (initial): C:\Users\Mohd Shahvez\Desktop\cloudshareapi\target\classes;C:\Users\Mohd Shahvez\.m2\repository\org\springframework\boot\spring-boot-starter-data-mongodb\3.5.5\spring-boot-starter-data-mongodb-3.5.5.jar;C:\Users\Mohd Shahvez\.m2\repository\org\springframework\boot\spring-boot-starter\3.5.5\spring-boot-starter-3.5.5.jar;C:\Users\Mohd Shahvez\.m2\repository\org\springframework\boot\spring-boot\3.5.5\spring-boot-3.5.5.jar;C:\Users\Mohd Shahvez\.m2\repository\org\springframework\boot\spring-boot-autoconfigure\3.5.5\spring-boot-autoconfigure-3.5.5.jar;C:\Users\Mohd Shahvez\.m2\repository\org\springframework\boot\spring-boot-starter-logging\3.5.5\spring-boot-starter-logging-3.5.5.jar;C:\Users\Mohd Shahvez\.m2\repository\ch\qos\logback\logback-classic\1.5.18\logback-classic-1.5.18.jar;C:\Users\Mohd Shahvez\.m2\repository\ch\qos\logback\logback-core\1.5.18\logback-core-1.5.18.jar;C:\Users\Mohd Shahvez\.m2\repository\org\apache\logging\log4j\log4j-to-slf4j\2.24.3\log4j-to-slf4j-2.24.3.jar;C:\Users\Mohd Shahvez\.m2\repository\org\apache\logging\log4j\log4j-api\2.24.3\log4j-api-2.24.3.jar;C:\Users\Mohd Shahvez\.m2\repository\org\slf4j\jul-to-slf4j\2.0.17\jul-to-slf4j-2.0.17.jar;C:\Users\Mohd Shahvez\.m2\repository\jakarta\annotation\jakarta.annotation-api\2.1.1\jakarta.annotation-api-2.1.1.jar;C:\Users\Mohd Shahvez\.m2\repository\org\yaml\snakeyaml\2.4\snakeyaml-2.4.jar;C:\Users\Mohd Shahvez\.m2\repository\org\mongodb\mongodb-driver-sync\5.5.1\mongodb-driver-sync-5.5.1.jar;C:\Users\Mohd Shahvez\.m2\repository\org\mongodb\bson\5.5.1\bson-5.5.1.jar;C:\Users\Mohd Shahvez\.m2\repository\org\mongodb\mongodb-driver-core\5.5.1\mongodb-driver-core-5.5.1.jar;C:\Users\Mohd Shahvez\.m2\repository\org\mongodb\bson-record-codec\5.5.1\bson-record-codec-5.5.1.jar;C:\Users\Mohd Shahvez\.m2\repository\org\springframework\data\spring-data-mongodb\4.5.3\spring-data-mongodb-4.5.3.jar;C:\Users\Mohd Shahvez\.m2\repository\org\springframework\spring-tx\6.2.10\spring-tx-6.2.10.jar;C:\Users\Mohd Shahvez\.m2\repository\org\springframework\spring-context\6.2.10\spring-context-6.2.10.jar;C:\Users\Mohd Shahvez\.m2\repository\org\springframework\spring-beans\6.2.10\spring-beans-6.2.10.jar;C:\Users\Mohd Shahvez\.m2\repository\org\springframework\spring-expression\6.2.10\spring-expression-6.2.10.jar;C:\Users\Mohd Shahvez\.m2\repository\org\springframework\data\spring-data-commons\3.5.3\spring-data-commons-3.5.3.jar;C:\Users\Mohd Shahvez\.m2\repository\org\slf4j\slf4j-api\2.0.17\slf4j-api-2.0.17.jar;C:\Users\Mohd Shahvez\.m2\repository\org\springframework\boot\spring-boot-starter-web\3.5.5\spring-boot-starter-web-3.5.5.jar;C:\Users\Mohd Shahvez\.m2\repository\org\springframework\boot\spring-boot-starter-json\3.5.5\spring-boot-starter-json-3.5.5.jar;C:\Users\Mohd Shahvez\.m2\repository\com\fasterxml\jackson\datatype\jackson-datatype-jdk8\2.19.2\jackson-datatype-jdk8-2.19.2.jar;C:\Users\Mohd Shahvez\.m2\repository\com\fasterxml\jackson\datatype\jackson-datatype-jsr310\2.19.2\jackson-datatype-jsr310-2.19.2.jar;C:\Users\Mohd Shahvez\.m2\repository\com\fasterxml\jackson\module\jackson-module-parameter-names\2.19.2\jackson-module-parameter-names-2.19.2.jar;C:\Users\Mohd Shahvez\.m2\repository\org\springframework\boot\spring-boot-starter-tomcat\3.5.5\spring-boot-starter-tomcat-3.5.5.jar;C:\Users\Mohd Shahvez\.m2\repository\org\apache\tomcat\embed\tomcat-embed-core\10.1.44\tomcat-embed-core-10.1.44.jar;C:\Users\Mohd Shahvez\.m2\repository\org\apache\tomcat\embed\tomcat-embed-el\10.1.44\tomcat-embed-el-10.1.44.jar;C:\Users\Mohd Shahvez\.m2\repository\org\apache\tomcat\embed\tomcat-embed-websocket\10.1.44\tomcat-embed-websocket-10.1.44.jar;C:\Users\Mohd Shahvez\.m2\repository\org\springframework\spring-web\6.2.10\spring-web-6.2.10.jar;C:\Users\Mohd Shahvez\.m2\repository\io\micrometer\micrometer-observation\1.15.3\micrometer-observation-1.15.3.jar;C:\Users\Mohd Shahvez\.m2\repository\io\micrometer\micrometer-commons\1.15.3\micrometer-commons-1.15.3.jar;C:\Users\Mohd Shahvez\.m2\repository\org\springframework\spring-webmvc\6.2.10\spring-webmvc-6.2.10.jar;C:\Users\Mohd Shahvez\.m2\repository\org\springframework\boot\spring-boot-starter-security\3.5.5\spring-boot-starter-security-3.5.5.jar;C:\Users\Mohd Shahvez\.m2\repository\org\springframework\spring-aop\6.2.10\spring-aop-6.2.10.jar;C:\Users\Mohd Shahvez\.m2\repository\org\springframework\security\spring-security-config\6.5.3\spring-security-config-6.5.3.jar;C:\Users\Mohd Shahvez\.m2\repository\org\springframework\security\spring-security-core\6.5.3\spring-security-core-6.5.3.jar;C:\Users\Mohd Shahvez\.m2\repository\org\springframework\security\spring-security-crypto\6.5.3\spring-security-crypto-6.5.3.jar;C:\Users\Mohd Shahvez\.m2\repository\org\springframework\security\spring-security-web\6.5.3\spring-security-web-6.5.3.jar;C:\Users\Mohd Shahvez\.m2\repository\org\springframework\spring-core\6.2.10\spring-core-6.2.10.jar;C:\Users\Mohd Shahvez\.m2\repository\org\springframework\spring-jcl\6.2.10\spring-jcl-6.2.10.jar;C:\Users\Mohd Shahvez\.m2\repository\io\jsonwebtoken\jjwt-api\0.11.5\jjwt-api-0.11.5.jar;C:\Users\Mohd Shahvez\.m2\repository\io\jsonwebtoken\jjwt-impl\0.11.5\jjwt-impl-0.11.5.jar;C:\Users\Mohd Shahvez\.m2\repository\io\jsonwebtoken\jjwt-jackson\0.11.5\jjwt-jackson-0.11.5.jar;C:\Users\Mohd Shahvez\.m2\repository\com\fasterxml\jackson\core\jackson-databind\2.19.2\jackson-databind-2.19.2.jar;C:\Users\Mohd Shahvez\.m2\repository\com\fasterxml\jackson\core\jackson-annotations\2.19.2\jackson-annotations-2.19.2.jar;C:\Users\Mohd Shahvez\.m2\repository\com\fasterxml\jackson\core\jackson-core\2.19.2\jackson-core-2.19.2.jar
Launcher Type: SUN_STANDARD

[Global flags]
     intx CICompilerCount                          = 3                                         {product} {ergonomic}
     uint ConcGCThreads                            = 1                                         {product} {ergonomic}
     uint G1ConcRefinementThreads                  = 4                                         {product} {ergonomic}
   size_t G1HeapRegionSize                         = 1048576                                   {product} {ergonomic}
   size_t InitialHeapSize                          = 65011712                                  {product} {ergonomic}
   size_t MarkStackSize                            = 4194304                                   {product} {ergonomic}
   size_t MaxHeapSize                              = 1017118720                                {product} {ergonomic}
   size_t MaxNewSize                               = 610271232                                 {product} {ergonomic}
   size_t MinHeapDeltaBytes                        = 1048576                                   {product} {ergonomic}
   size_t MinHeapSize                              = 8388608                                   {product} {ergonomic}
    uintx NonNMethodCodeHeapSize                   = 5832780                                {pd product} {ergonomic}
    uintx NonProfiledCodeHeapSize                  = 122912730                              {pd product} {ergonomic}
    uintx ProfiledCodeHeapSize                     = 122912730                              {pd product} {ergonomic}
    uintx ReservedCodeCacheSize                    = 251658240                              {pd product} {ergonomic}
     bool SegmentedCodeCache                       = true                                      {product} {ergonomic}
   size_t SoftMaxHeapSize                          = 1017118720                             {manageable} {ergonomic}
     bool UseCompressedOops                        = true                           {product lp64_product} {ergonomic}
     bool UseG1GC                                  = true                                      {product} {ergonomic}
     bool UseLargePagesIndividualAllocation        = false                                  {pd product} {ergonomic}

Logging:
Log output configuration:
 #0: stdout all=warning uptime,level,tags foldmultilines=false
 #1: stderr all=off uptime,level,tags foldmultilines=false

Environment Variables:
PATH=C:\Program Files\Common Files\Oracle\Java\javapath;C:\WINDOWS\system32;C:\WINDOWS;C:\WINDOWS\System32\Wbem;C:\WINDOWS\System32\WindowsPowerShell\v1.0\;C:\WINDOWS\System32\OpenSSH\;C:\MinGW\bin;C:\Program Files\HP\HP One Agent;C:\Program Files\dotnet\;C:\WINDOWS\system32;C:\WINDOWS;C:\WINDOWS\System32\Wbem;C:\WINDOWS\System32\WindowsPowerShell\v1.0\;C:\WINDOWS\System32\OpenSSH\;C:\Program Files\nodejs\;C:\Users\Mohd Shahvez\mongosh-2.5.5-win32-x64\bin;C:\Program Files\PowerShell\7\;C:\Program Files\Git\cmd;C:\Program Files\MongoDB\Server\8.0\bin;C:\Users\Mohd Shahvez\AppData\Local\Microsoft\WindowsApps;C:\msys64\usr\bin\gpg.exe;C:\Users\Mohd Shahvez\AppData\Local\Programs\Microsoft VS Code\bin;C:\MinGW\bin;C:\Users\Mohd Shahvez\.dotnet\tools;C:\Program Files\JetBrains\IntelliJ IDEA Community Edition 2024.2.1\bin;;C:\Users\Mohd Shahvez\AppData\Roaming\npm
USERNAME=Mohd Shahvez
OS=Windows_NT
PROCESSOR_IDENTIFIER=Intel64 Family 6 Model 126 Stepping 5, GenuineIntel
TMP=C:\Users\MOHDSH~1\AppData\Local\Temp
TEMP=C:\Users\MOHDSH~1\AppData\Local\Temp




Periodic native trim disabled

---------------  S Y S T E M  ---------------

OS:
 Windows 11 , 64 bit Build 26100 (10.0.26100.4768)
OS uptime: 2 days 3:44 hours

CPU: total 4 (initial active 4) (2 cores per cpu, 2 threads per core) family 6 model 126 stepping 5 microcode 0xa0, cx8, cmov, fxsr, ht, mmx, 3dnowpref, sse, sse2, sse3, ssse3, sse4.1, sse4.2, popcnt, lzcnt, tsc, tscinvbit, avx, avx2, aes, erms, clmul, bmi1, bmi2, adx, avx512f, avx512dq, avx512cd, avx512bw, avx512vl, sha, fma, vzeroupper, avx512_vpopcntdq, avx512_vpclmulqdq, avx512_vaes, avx512_vnni, clflush, clflushopt, avx512_vbmi2, avx512_vbmi, rdtscp, rdpid, fsrm, gfni, avx512_bitalg, f16c, pku, avx512_ifma
Processor Information for all 4 processors :
  Max Mhz: 1190, Current Mhz: 1190, Mhz Limit: 1190

Memory: 4k page, system-wide physical 3877M (449M free)
TotalPageFile size 15653M (AvailPageFile size 0M)
current process WorkingSet (physical memory assigned to process): 16M, peak: 191M
current process commit charge ("private bytes"): 200M, peak: 224M

vm_info: Java HotSpot(TM) 64-Bit Server VM (22.0.1+8-16) for windows-amd64 JRE (22.0.1+8-16), built on 2024-03-12T10:33:16Z by "mach5one" with MS VC++ 17.6 (VS2022)

END.
